c:\users\ethan\programming\orbital simulation\orbital .c9c77b24\x64\debug\vc143.pdb
c:\users\ethan\programming\orbital simulation\orbital .c9c77b24\x64\debug\vc143.idb
c:\users\ethan\programming\orbital simulation\orbital .c9c77b24\x64\debug\vbo.obj
c:\users\ethan\programming\orbital simulation\orbital .c9c77b24\x64\debug\vao.obj
c:\users\ethan\programming\orbital simulation\orbital .c9c77b24\x64\debug\untexturedmesh.obj
c:\users\ethan\programming\orbital simulation\orbital .c9c77b24\x64\debug\texturedmesh.obj
c:\users\ethan\programming\orbital simulation\orbital .c9c77b24\x64\debug\texture.obj
c:\users\ethan\programming\orbital simulation\orbital .c9c77b24\x64\debug\stb.obj
c:\users\ethan\programming\orbital simulation\orbital .c9c77b24\x64\debug\simulation.obj
c:\users\ethan\programming\orbital simulation\orbital .c9c77b24\x64\debug\shader.obj
c:\users\ethan\programming\orbital simulation\orbital .c9c77b24\x64\debug\mesh.obj
c:\users\ethan\programming\orbital simulation\orbital .c9c77b24\x64\debug\main.obj
c:\users\ethan\programming\orbital simulation\orbital .c9c77b24\x64\debug\filereader.obj
c:\users\ethan\programming\orbital simulation\orbital .c9c77b24\x64\debug\ebo.obj
c:\users\ethan\programming\orbital simulation\orbital .c9c77b24\x64\debug\camera.obj
c:\users\ethan\programming\orbital simulation\orbital .c9c77b24\x64\debug\vc145.pdb
c:\users\ethan\programming\orbital simulation\orbital .c9c77b24\x64\debug\glad.obj
c:\users\ethan\programming\orbital simulation\orbital .c9c77b24\x64\debug\vc145.idb
c:\users\ethan\programming\orbital simulation\orbital .c9c77b24\x64\debug\imgui_widgets.obj
c:\users\ethan\programming\orbital simulation\orbital .c9c77b24\x64\debug\imgui_tables.obj
c:\users\ethan\programming\orbital simulation\orbital .c9c77b24\x64\debug\imgui_impl_opengl3.obj
c:\users\ethan\programming\orbital simulation\orbital .c9c77b24\x64\debug\imgui_impl_glfw.obj
c:\users\ethan\programming\orbital simulation\orbital .c9c77b24\x64\debug\imgui_draw.obj
c:\users\ethan\programming\orbital simulation\orbital .c9c77b24\x64\debug\imgui_demo.obj
c:\users\ethan\programming\orbital simulation\orbital .c9c77b24\x64\debug\imgui.obj
c:\users\ethan\programming\orbital simulation\orbital .c9c77b24\x64\debug\text.obj
c:\users\ethan\programming\orbital simulation\orbital .c9c77b24\x64\debug\object.obj
c:\users\ethan\programming\orbital simulation\x64\debug\orbital simulation.exe
c:\users\ethan\programming\orbital simulation\x64\debug\orbital simulation.pdb
c:\users\ethan\programming\orbital simulation\orbital .c9c77b24\x64\debug\orbital simulation.ilk
c:\users\ethan\programming\orbital simulation\orbital .c9c77b24\x64\debug\orbital .c9c77b24.tlog\cl.command.1.tlog
c:\users\ethan\programming\orbital simulation\orbital .c9c77b24\x64\debug\orbital .c9c77b24.tlog\cl.items.tlog
c:\users\ethan\programming\orbital simulation\orbital .c9c77b24\x64\debug\orbital .c9c77b24.tlog\cl.read.1.tlog
c:\users\ethan\programming\orbital simulation\orbital .c9c77b24\x64\debug\orbital .c9c77b24.tlog\cl.write.1.tlog
c:\users\ethan\programming\orbital simulation\orbital .c9c77b24\x64\debug\orbital .c9c77b24.tlog\link.command.1.tlog
c:\users\ethan\programming\orbital simulation\orbital .c9c77b24\x64\debug\orbital .c9c77b24.tlog\link.read.1.tlog
c:\users\ethan\programming\orbital simulation\orbital .c9c77b24\x64\debug\orbital .c9c77b24.tlog\link.secondary.1.tlog
c:\users\ethan\programming\orbital simulation\orbital .c9c77b24\x64\debug\orbital .c9c77b24.tlog\link.write.1.tlog
