  VAO.cpp
  VBO.cpp
C:\Users\Ethan\programming\Orbital Simulation\VAO.cpp(16,63): warning C4244: 'argument': conversion from 'GLsizeiptr' to 'GLsizei', possible loss of data
  camera.cpp
  circleIcon.cpp
C:\Users\Ethan\programming\Orbital Simulation\circleIcon.cpp(35,16): warning C4244: 'initializing': conversion from 'double' to 'float', possible loss of data
C:\Users\Ethan\programming\Orbital Simulation\circleIcon.cpp(36,16): warning C4244: 'initializing': conversion from 'double' to 'float', possible loss of data
  fileReader.cpp
  icon.cpp
  main.cpp
  mesh.cpp
C:\Users\Ethan\programming\Orbital Simulation\mesh.cpp(31,35): warning C4267: 'argument': conversion from 'size_t' to 'GLsizei', possible loss of data
  planet.cpp
  satellite.cpp
  shader.cpp
  shape.cpp
  simulation.cpp
C:\Users\Ethan\programming\Orbital Simulation\simulation.cpp(607,35): warning C4244: 'argument': conversion from 'double' to 'float', possible loss of data
  sun.cpp
  text.cpp
C:\Users\Ethan\programming\Orbital Simulation\text.cpp(58,24): warning C4838: conversion from 'FT_Pos' to 'unsigned int' requires a narrowing conversion
C:\Users\Ethan\programming\Orbital Simulation\text.cpp(95,10): warning C4244: 'initializing': conversion from 'T' to 'float', possible loss of data
C:\Users\Ethan\programming\Orbital Simulation\text.cpp(95,10): warning C4244:         with
C:\Users\Ethan\programming\Orbital Simulation\text.cpp(95,10): warning C4244:         [
C:\Users\Ethan\programming\Orbital Simulation\text.cpp(95,10): warning C4244:             T=glm::i32
C:\Users\Ethan\programming\Orbital Simulation\text.cpp(95,10): warning C4244:         ]
C:\Users\Ethan\programming\Orbital Simulation\text.cpp(96,10): warning C4244: 'initializing': conversion from 'T' to 'float', possible loss of data
C:\Users\Ethan\programming\Orbital Simulation\text.cpp(96,10): warning C4244:         with
C:\Users\Ethan\programming\Orbital Simulation\text.cpp(96,10): warning C4244:         [
C:\Users\Ethan\programming\Orbital Simulation\text.cpp(96,10): warning C4244:             T=glm::i32
C:\Users\Ethan\programming\Orbital Simulation\text.cpp(96,10): warning C4244:         ]
  texture.cpp
  transform.cpp
  triangleIcon.cpp
  Generating Code...
  LINK : C:\Users\Ethan\programming\Orbital Simulation\x64\Debug\Orbital Simulation.exe not found or not built by the last incremental link; performing full link
glfw3.lib(input.obj) : warning LNK4099: PDB 'glfw3.pdb' was not found with 'glfw3.lib(input.obj)' or at 'C:\Users\Ethan\programming\Orbital Simulation\x64\Debug\glfw3.pdb'; linking object as if no debug info
glfw3.lib(init.obj) : warning LNK4099: PDB 'glfw3.pdb' was not found with 'glfw3.lib(init.obj)' or at 'C:\Users\Ethan\programming\Orbital Simulation\x64\Debug\glfw3.pdb'; linking object as if no debug info
glfw3.lib(monitor.obj) : warning LNK4099: PDB 'glfw3.pdb' was not found with 'glfw3.lib(monitor.obj)' or at 'C:\Users\Ethan\programming\Orbital Simulation\x64\Debug\glfw3.pdb'; linking object as if no debug info
glfw3.lib(window.obj) : warning LNK4099: PDB 'glfw3.pdb' was not found with 'glfw3.lib(window.obj)' or at 'C:\Users\Ethan\programming\Orbital Simulation\x64\Debug\glfw3.pdb'; linking object as if no debug info
glfw3.lib(win32_window.obj) : warning LNK4099: PDB 'glfw3.pdb' was not found with 'glfw3.lib(win32_window.obj)' or at 'C:\Users\Ethan\programming\Orbital Simulation\x64\Debug\glfw3.pdb'; linking object as if no debug info
glfw3.lib(context.obj) : warning LNK4099: PDB 'glfw3.pdb' was not found with 'glfw3.lib(context.obj)' or at 'C:\Users\Ethan\programming\Orbital Simulation\x64\Debug\glfw3.pdb'; linking object as if no debug info
glfw3.lib(win32_time.obj) : warning LNK4099: PDB 'glfw3.pdb' was not found with 'glfw3.lib(win32_time.obj)' or at 'C:\Users\Ethan\programming\Orbital Simulation\x64\Debug\glfw3.pdb'; linking object as if no debug info
glfw3.lib(win32_thread.obj) : warning LNK4099: PDB 'glfw3.pdb' was not found with 'glfw3.lib(win32_thread.obj)' or at 'C:\Users\Ethan\programming\Orbital Simulation\x64\Debug\glfw3.pdb'; linking object as if no debug info
glfw3.lib(platform.obj) : warning LNK4099: PDB 'glfw3.pdb' was not found with 'glfw3.lib(platform.obj)' or at 'C:\Users\Ethan\programming\Orbital Simulation\x64\Debug\glfw3.pdb'; linking object as if no debug info
glfw3.lib(vulkan.obj) : warning LNK4099: PDB 'glfw3.pdb' was not found with 'glfw3.lib(vulkan.obj)' or at 'C:\Users\Ethan\programming\Orbital Simulation\x64\Debug\glfw3.pdb'; linking object as if no debug info
glfw3.lib(win32_init.obj) : warning LNK4099: PDB 'glfw3.pdb' was not found with 'glfw3.lib(win32_init.obj)' or at 'C:\Users\Ethan\programming\Orbital Simulation\x64\Debug\glfw3.pdb'; linking object as if no debug info
glfw3.lib(win32_monitor.obj) : warning LNK4099: PDB 'glfw3.pdb' was not found with 'glfw3.lib(win32_monitor.obj)' or at 'C:\Users\Ethan\programming\Orbital Simulation\x64\Debug\glfw3.pdb'; linking object as if no debug info
glfw3.lib(wgl_context.obj) : warning LNK4099: PDB 'glfw3.pdb' was not found with 'glfw3.lib(wgl_context.obj)' or at 'C:\Users\Ethan\programming\Orbital Simulation\x64\Debug\glfw3.pdb'; linking object as if no debug info
glfw3.lib(egl_context.obj) : warning LNK4099: PDB 'glfw3.pdb' was not found with 'glfw3.lib(egl_context.obj)' or at 'C:\Users\Ethan\programming\Orbital Simulation\x64\Debug\glfw3.pdb'; linking object as if no debug info
glfw3.lib(osmesa_context.obj) : warning LNK4099: PDB 'glfw3.pdb' was not found with 'glfw3.lib(osmesa_context.obj)' or at 'C:\Users\Ethan\programming\Orbital Simulation\x64\Debug\glfw3.pdb'; linking object as if no debug info
glfw3.lib(null_init.obj) : warning LNK4099: PDB 'glfw3.pdb' was not found with 'glfw3.lib(null_init.obj)' or at 'C:\Users\Ethan\programming\Orbital Simulation\x64\Debug\glfw3.pdb'; linking object as if no debug info
glfw3.lib(win32_module.obj) : warning LNK4099: PDB 'glfw3.pdb' was not found with 'glfw3.lib(win32_module.obj)' or at 'C:\Users\Ethan\programming\Orbital Simulation\x64\Debug\glfw3.pdb'; linking object as if no debug info
glfw3.lib(win32_joystick.obj) : warning LNK4099: PDB 'glfw3.pdb' was not found with 'glfw3.lib(win32_joystick.obj)' or at 'C:\Users\Ethan\programming\Orbital Simulation\x64\Debug\glfw3.pdb'; linking object as if no debug info
glfw3.lib(null_monitor.obj) : warning LNK4099: PDB 'glfw3.pdb' was not found with 'glfw3.lib(null_monitor.obj)' or at 'C:\Users\Ethan\programming\Orbital Simulation\x64\Debug\glfw3.pdb'; linking object as if no debug info
glfw3.lib(null_window.obj) : warning LNK4099: PDB 'glfw3.pdb' was not found with 'glfw3.lib(null_window.obj)' or at 'C:\Users\Ethan\programming\Orbital Simulation\x64\Debug\glfw3.pdb'; linking object as if no debug info
glfw3.lib(null_joystick.obj) : warning LNK4099: PDB 'glfw3.pdb' was not found with 'glfw3.lib(null_joystick.obj)' or at 'C:\Users\Ethan\programming\Orbital Simulation\x64\Debug\glfw3.pdb'; linking object as if no debug info
freetype.lib(ftinit.obj) : warning LNK4099: PDB 'freetype.pdb' was not found with 'freetype.lib(ftinit.obj)' or at 'C:\Users\Ethan\programming\Orbital Simulation\x64\Debug\freetype.pdb'; linking object as if no debug info
freetype.lib(ftbase.obj) : warning LNK4099: PDB 'freetype.pdb' was not found with 'freetype.lib(ftbase.obj)' or at 'C:\Users\Ethan\programming\Orbital Simulation\x64\Debug\freetype.pdb'; linking object as if no debug info
freetype.lib(autofit.obj) : warning LNK4099: PDB 'freetype.pdb' was not found with 'freetype.lib(autofit.obj)' or at 'C:\Users\Ethan\programming\Orbital Simulation\x64\Debug\freetype.pdb'; linking object as if no debug info
freetype.lib(truetype.obj) : warning LNK4099: PDB 'freetype.pdb' was not found with 'freetype.lib(truetype.obj)' or at 'C:\Users\Ethan\programming\Orbital Simulation\x64\Debug\freetype.pdb'; linking object as if no debug info
freetype.lib(type1.obj) : warning LNK4099: PDB 'freetype.pdb' was not found with 'freetype.lib(type1.obj)' or at 'C:\Users\Ethan\programming\Orbital Simulation\x64\Debug\freetype.pdb'; linking object as if no debug info
freetype.lib(cff.obj) : warning LNK4099: PDB 'freetype.pdb' was not found with 'freetype.lib(cff.obj)' or at 'C:\Users\Ethan\programming\Orbital Simulation\x64\Debug\freetype.pdb'; linking object as if no debug info
freetype.lib(type1cid.obj) : warning LNK4099: PDB 'freetype.pdb' was not found with 'freetype.lib(type1cid.obj)' or at 'C:\Users\Ethan\programming\Orbital Simulation\x64\Debug\freetype.pdb'; linking object as if no debug info
freetype.lib(pfr.obj) : warning LNK4099: PDB 'freetype.pdb' was not found with 'freetype.lib(pfr.obj)' or at 'C:\Users\Ethan\programming\Orbital Simulation\x64\Debug\freetype.pdb'; linking object as if no debug info
freetype.lib(type42.obj) : warning LNK4099: PDB 'freetype.pdb' was not found with 'freetype.lib(type42.obj)' or at 'C:\Users\Ethan\programming\Orbital Simulation\x64\Debug\freetype.pdb'; linking object as if no debug info
freetype.lib(winfnt.obj) : warning LNK4099: PDB 'freetype.pdb' was not found with 'freetype.lib(winfnt.obj)' or at 'C:\Users\Ethan\programming\Orbital Simulation\x64\Debug\freetype.pdb'; linking object as if no debug info
freetype.lib(pcf.obj) : warning LNK4099: PDB 'freetype.pdb' was not found with 'freetype.lib(pcf.obj)' or at 'C:\Users\Ethan\programming\Orbital Simulation\x64\Debug\freetype.pdb'; linking object as if no debug info
freetype.lib(bdf.obj) : warning LNK4099: PDB 'freetype.pdb' was not found with 'freetype.lib(bdf.obj)' or at 'C:\Users\Ethan\programming\Orbital Simulation\x64\Debug\freetype.pdb'; linking object as if no debug info
freetype.lib(psaux.obj) : warning LNK4099: PDB 'freetype.pdb' was not found with 'freetype.lib(psaux.obj)' or at 'C:\Users\Ethan\programming\Orbital Simulation\x64\Debug\freetype.pdb'; linking object as if no debug info
freetype.lib(psmodule.obj) : warning LNK4099: PDB 'freetype.pdb' was not found with 'freetype.lib(psmodule.obj)' or at 'C:\Users\Ethan\programming\Orbital Simulation\x64\Debug\freetype.pdb'; linking object as if no debug info
freetype.lib(pshinter.obj) : warning LNK4099: PDB 'freetype.pdb' was not found with 'freetype.lib(pshinter.obj)' or at 'C:\Users\Ethan\programming\Orbital Simulation\x64\Debug\freetype.pdb'; linking object as if no debug info
freetype.lib(sfnt.obj) : warning LNK4099: PDB 'freetype.pdb' was not found with 'freetype.lib(sfnt.obj)' or at 'C:\Users\Ethan\programming\Orbital Simulation\x64\Debug\freetype.pdb'; linking object as if no debug info
freetype.lib(smooth.obj) : warning LNK4099: PDB 'freetype.pdb' was not found with 'freetype.lib(smooth.obj)' or at 'C:\Users\Ethan\programming\Orbital Simulation\x64\Debug\freetype.pdb'; linking object as if no debug info
freetype.lib(raster.obj) : warning LNK4099: PDB 'freetype.pdb' was not found with 'freetype.lib(raster.obj)' or at 'C:\Users\Ethan\programming\Orbital Simulation\x64\Debug\freetype.pdb'; linking object as if no debug info
freetype.lib(sdf.obj) : warning LNK4099: PDB 'freetype.pdb' was not found with 'freetype.lib(sdf.obj)' or at 'C:\Users\Ethan\programming\Orbital Simulation\x64\Debug\freetype.pdb'; linking object as if no debug info
freetype.lib(svg.obj) : warning LNK4099: PDB 'freetype.pdb' was not found with 'freetype.lib(svg.obj)' or at 'C:\Users\Ethan\programming\Orbital Simulation\x64\Debug\freetype.pdb'; linking object as if no debug info
freetype.lib(ftsystem.obj) : warning LNK4099: PDB 'freetype.pdb' was not found with 'freetype.lib(ftsystem.obj)' or at 'C:\Users\Ethan\programming\Orbital Simulation\x64\Debug\freetype.pdb'; linking object as if no debug info
freetype.lib(ftmm.obj) : warning LNK4099: PDB 'freetype.pdb' was not found with 'freetype.lib(ftmm.obj)' or at 'C:\Users\Ethan\programming\Orbital Simulation\x64\Debug\freetype.pdb'; linking object as if no debug info
freetype.lib(ftgzip.obj) : warning LNK4099: PDB 'freetype.pdb' was not found with 'freetype.lib(ftgzip.obj)' or at 'C:\Users\Ethan\programming\Orbital Simulation\x64\Debug\freetype.pdb'; linking object as if no debug info
freetype.lib(ftlzw.obj) : warning LNK4099: PDB 'freetype.pdb' was not found with 'freetype.lib(ftlzw.obj)' or at 'C:\Users\Ethan\programming\Orbital Simulation\x64\Debug\freetype.pdb'; linking object as if no debug info
freetype.lib(ftbitmap.obj) : warning LNK4099: PDB 'freetype.pdb' was not found with 'freetype.lib(ftbitmap.obj)' or at 'C:\Users\Ethan\programming\Orbital Simulation\x64\Debug\freetype.pdb'; linking object as if no debug info
freetype.lib(ftdebug.obj) : warning LNK4099: PDB 'freetype.pdb' was not found with 'freetype.lib(ftdebug.obj)' or at 'C:\Users\Ethan\programming\Orbital Simulation\x64\Debug\freetype.pdb'; linking object as if no debug info
LINK : warning LNK4098: defaultlib 'LIBCMT' conflicts with use of other libs; use /NODEFAULTLIB:library
  Orbital Simulation.vcxproj -> C:\Users\Ethan\programming\Orbital Simulation\x64\Debug\Orbital Simulation.exe
